<?xml version="1.0" encoding="UTF-8"?>
<testsuite name="com.ssafy.youtube.YoutubeGradelDemoApplicationTests" tests="1" skipped="0" failures="0" errors="0" timestamp="2020-05-13T04:24:28" hostname="DESKTOP-IV3FANG" time="1.982">
  <properties/>
  <testcase name="channels()" classname="com.ssafy.youtube.YoutubeGradelDemoApplicationTests" time="1.982"/>
  <system-out><![CDATA[13:24:26.457 [Test worker] DEBUG org.springframework.test.context.BootstrapUtils - Instantiating CacheAwareContextLoaderDelegate from class [org.springframework.test.context.cache.DefaultCacheAwareContextLoaderDelegate]
13:24:26.475 [Test worker] DEBUG org.springframework.test.context.BootstrapUtils - Instantiating BootstrapContext using constructor [public org.springframework.test.context.support.DefaultBootstrapContext(java.lang.Class,org.springframework.test.context.CacheAwareContextLoaderDelegate)]
13:24:26.505 [Test worker] DEBUG org.springframework.test.context.BootstrapUtils - Instantiating TestContextBootstrapper for test class [com.ssafy.youtube.YoutubeGradelDemoApplicationTests] from class [org.springframework.boot.test.context.SpringBootTestContextBootstrapper]
13:24:26.530 [Test worker] INFO org.springframework.boot.test.context.SpringBootTestContextBootstrapper - Neither @ContextConfiguration nor @ContextHierarchy found for test class [com.ssafy.youtube.YoutubeGradelDemoApplicationTests], using SpringBootContextLoader
13:24:26.539 [Test worker] DEBUG org.springframework.test.context.support.AbstractContextLoader - Did not detect default resource location for test class [com.ssafy.youtube.YoutubeGradelDemoApplicationTests]: class path resource [com/ssafy/youtube/YoutubeGradelDemoApplicationTests-context.xml] does not exist
13:24:26.540 [Test worker] DEBUG org.springframework.test.context.support.AbstractContextLoader - Did not detect default resource location for test class [com.ssafy.youtube.YoutubeGradelDemoApplicationTests]: class path resource [com/ssafy/youtube/YoutubeGradelDemoApplicationTestsContext.groovy] does not exist
13:24:26.540 [Test worker] INFO org.springframework.test.context.support.AbstractContextLoader - Could not detect default resource locations for test class [com.ssafy.youtube.YoutubeGradelDemoApplicationTests]: no resource found for suffixes {-context.xml, Context.groovy}.
13:24:26.543 [Test worker] INFO org.springframework.test.context.support.AnnotationConfigContextLoaderUtils - Could not detect default configuration classes for test class [com.ssafy.youtube.YoutubeGradelDemoApplicationTests]: YoutubeGradelDemoApplicationTests does not declare any static, non-private, non-final, nested classes annotated with @Configuration.
13:24:26.600 [Test worker] DEBUG org.springframework.test.context.support.ActiveProfilesUtils - Could not find an 'annotation declaring class' for annotation type [org.springframework.test.context.ActiveProfiles] and class [com.ssafy.youtube.YoutubeGradelDemoApplicationTests]
13:24:26.678 [Test worker] DEBUG org.springframework.context.annotation.ClassPathScanningCandidateComponentProvider - Identified candidate component class: file [E:\Jeon\backend-java\api-samples\youtube-gradel-demo\build\classes\java\main\com\ssafy\youtube\YoutubeGradelDemoApplication.class]
13:24:26.680 [Test worker] INFO org.springframework.boot.test.context.SpringBootTestContextBootstrapper - Found @SpringBootConfiguration com.ssafy.youtube.YoutubeGradelDemoApplication for test class com.ssafy.youtube.YoutubeGradelDemoApplicationTests
13:24:26.794 [Test worker] DEBUG org.springframework.boot.test.context.SpringBootTestContextBootstrapper - @TestExecutionListeners is not present for class [com.ssafy.youtube.YoutubeGradelDemoApplicationTests]: using defaults.
13:24:26.795 [Test worker] INFO org.springframework.boot.test.context.SpringBootTestContextBootstrapper - Loaded default TestExecutionListener class names from location [META-INF/spring.factories]: [org.springframework.boot.test.autoconfigure.restdocs.RestDocsTestExecutionListener, org.springframework.boot.test.autoconfigure.web.client.MockRestServiceServerResetTestExecutionListener, org.springframework.boot.test.autoconfigure.web.servlet.MockMvcPrintOnlyOnFailureTestExecutionListener, org.springframework.boot.test.autoconfigure.web.servlet.WebDriverTestExecutionListener, org.springframework.boot.test.mock.mockito.MockitoTestExecutionListener, org.springframework.boot.test.mock.mockito.ResetMocksTestExecutionListener, org.springframework.test.context.web.ServletTestExecutionListener, org.springframework.test.context.support.DirtiesContextBeforeModesTestExecutionListener, org.springframework.test.context.support.DependencyInjectionTestExecutionListener, org.springframework.test.context.support.DirtiesContextTestExecutionListener, org.springframework.test.context.transaction.TransactionalTestExecutionListener, org.springframework.test.context.jdbc.SqlScriptsTestExecutionListener, org.springframework.test.context.event.EventPublishingTestExecutionListener]
13:24:26.806 [Test worker] DEBUG org.springframework.boot.test.context.SpringBootTestContextBootstrapper - Skipping candidate TestExecutionListener [org.springframework.test.context.transaction.TransactionalTestExecutionListener] due to a missing dependency. Specify custom listener classes or make the default listener classes and their required dependencies available. Offending class: [org/springframework/transaction/interceptor/TransactionAttributeSource]
13:24:26.807 [Test worker] DEBUG org.springframework.boot.test.context.SpringBootTestContextBootstrapper - Skipping candidate TestExecutionListener [org.springframework.test.context.jdbc.SqlScriptsTestExecutionListener] due to a missing dependency. Specify custom listener classes or make the default listener classes and their required dependencies available. Offending class: [org/springframework/transaction/interceptor/TransactionAttribute]
13:24:26.807 [Test worker] INFO org.springframework.boot.test.context.SpringBootTestContextBootstrapper - Using TestExecutionListeners: [org.springframework.test.context.web.ServletTestExecutionListener@f40af41, org.springframework.test.context.support.DirtiesContextBeforeModesTestExecutionListener@18ff92fd, org.springframework.boot.test.mock.mockito.MockitoTestExecutionListener@2c09ffb, org.springframework.boot.test.autoconfigure.SpringBootDependencyInjectionTestExecutionListener@5df48eef, org.springframework.test.context.support.DirtiesContextTestExecutionListener@574418b7, org.springframework.test.context.event.EventPublishingTestExecutionListener@334810d8, org.springframework.boot.test.autoconfigure.restdocs.RestDocsTestExecutionListener@35717e0d, org.springframework.boot.test.autoconfigure.web.client.MockRestServiceServerResetTestExecutionListener@4c0b1dba, org.springframework.boot.test.autoconfigure.web.servlet.MockMvcPrintOnlyOnFailureTestExecutionListener@3b7d352c, org.springframework.boot.test.autoconfigure.web.servlet.WebDriverTestExecutionListener@48403c4b, org.springframework.boot.test.mock.mockito.ResetMocksTestExecutionListener@76ffa258]
13:24:26.812 [Test worker] DEBUG org.springframework.test.context.support.AbstractDirtiesContextTestExecutionListener - Before test class: context [DefaultTestContext@3c54dde1 testClass = YoutubeGradelDemoApplicationTests, testInstance = [null], testMethod = [null], testException = [null], mergedContextConfiguration = [WebMergedContextConfiguration@73a217e4 testClass = YoutubeGradelDemoApplicationTests, locations = '{}', classes = '{class com.ssafy.youtube.YoutubeGradelDemoApplication}', contextInitializerClasses = '[]', activeProfiles = '{}', propertySourceLocations = '{}', propertySourceProperties = '{org.springframework.boot.test.context.SpringBootTestContextBootstrapper=true}', contextCustomizers = set[org.springframework.boot.test.autoconfigure.properties.PropertyMappingContextCustomizer@0, org.springframework.boot.test.autoconfigure.web.servlet.WebDriverContextCustomizerFactory$Customizer@3a70b568, org.springframework.boot.test.context.filter.ExcludeFilterContextCustomizer@485b5d4c, org.springframework.boot.test.json.DuplicateJsonObjectContextCustomizerFactory$DuplicateJsonObjectContextCustomizer@7775a1a2, org.springframework.boot.test.mock.mockito.MockitoContextCustomizer@0, org.springframework.boot.test.web.client.TestRestTemplateContextCustomizer@31ac7a5a, org.springframework.boot.test.context.SpringBootTestArgs@1], resourceBasePath = 'src/main/webapp', contextLoader = 'org.springframework.boot.test.context.SpringBootContextLoader', parent = [null]], attributes = map['org.springframework.test.context.web.ServletTestExecutionListener.activateListener' -> true]], class annotated with @DirtiesContext [false] with mode [null].
13:24:26.847 [Test worker] DEBUG org.springframework.test.context.support.TestPropertySourceUtils - Adding inlined properties to environment: {spring.jmx.enabled=false, org.springframework.boot.test.context.SpringBootTestContextBootstrapper=true, server.port=-1}

  .   ____          _            __ _ _
 /\\ / ___'_ __ _ _(_)_ __  __ _ \ \ \ \
( ( )\___ | '_ | '_| | '_ \/ _` | \ \ \ \
 \\/  ___)| |_)| | | | | || (_| |  ) ) ) )
  '  |____| .__|_| |_|_| |_\__, | / / / /
 =========|_|==============|___/=/_/_/_/
 :: Spring Boot ::        (v2.2.7.RELEASE)

2020-05-13 13:24:27.151  INFO 42864 --- [    Test worker] c.s.y.YoutubeGradelDemoApplicationTests  : Starting YoutubeGradelDemoApplicationTests on DESKTOP-IV3FANG with PID 42864 (started by takor in E:\Jeon\backend-java\api-samples\youtube-gradel-demo)
2020-05-13 13:24:27.153  INFO 42864 --- [    Test worker] c.s.y.YoutubeGradelDemoApplicationTests  : No active profile set, falling back to default profiles: default
2020-05-13 13:24:28.500  INFO 42864 --- [    Test worker] o.s.s.concurrent.ThreadPoolTaskExecutor  : Initializing ExecutorService 'applicationTaskExecutor'
2020-05-13 13:24:28.836  INFO 42864 --- [    Test worker] c.s.y.YoutubeGradelDemoApplicationTests  : Started YoutubeGradelDemoApplicationTests in 1.977 seconds (JVM running for 4.523)
2020-05-13 13:24:29.424  WARN 42864 --- [    Test worker] c.g.a.c.util.store.FileDataStoreFactory  : unable to change permissions for everybody: C:\Users\takor\.oauth-credentials
2020-05-13 13:24:29.425  WARN 42864 --- [    Test worker] c.g.a.c.util.store.FileDataStoreFactory  : unable to change permissions for owner: C:\Users\takor\.oauth-credentials
{"etag":"-jYTic3Am7Fv4R9bYQQrz7Tr3JY","items":[{"brandingSettings":{"channel":{"country":"GB","defaultTab":"Featured","description":"NoCopyrightSounds is a copyright free / stream safe record label, providing free to use music to the content creator community. We work with artists from around the world in electronic music, representing genres from House to Dubstep via Trap, Drum & Bass, Electro Pop and more. \n\nNCS Music is free to use for independent Creators and their UGC (User Generated Content) on YouTube & Twitch - always remember to credit the Artist, track and NCS and link back to our original NCS upload.\n\nView our usage policy and some frequently asked questions here: http://ncs.io/UsagePolicy\n\nGrab our new apparel range here: http://ncs.io/Store","featuredChannelsTitle":"Our other channel:","featuredChannelsUrls":["UCiJnBO_XuDsi1SSRAmt4n5g"],"keywords":"NoCopyrightSounds ncs no copyright sounds copyrighted music free royalty royaltyfree uncopyrighted copyrightfree","moderateComments":true,"profileColor":"#000000","showBrowseView":true,"showRelatedChannels":true,"title":"NoCopyrightSounds","trackingAnalyticsAccountId":"UA-56908870-2","unsubscribedTrailer":"JiF3pbvR5G0"},"hints":[{"property":"channel.banner.mobile.medium.image.url","value":"https://yt3.ggpht.com/i9g91_w_dMu20M98FRNYrpZPGDbk7M91lj2DPH0gQyvcyEpYESNdDWIz-yoLqKuGa-upY2Vv2w=w640-fcrop64=1,32b75a57cd48a5a8-k-c0xffffffff-no-nd-rj"},{"property":"channel.featured_tab.template.string","value":"Everything"},{"property":"channel.modules.show_comments.bool","value":"True"}],"image":{"bannerImageUrl":"https://yt3.ggpht.com/i9g91_w_dMu20M98FRNYrpZPGDbk7M91lj2DPH0gQyvcyEpYESNdDWIz-yoLqKuGa-upY2Vv2w=w1060-fcrop64=1,00005a57ffffa5a8-k-c0xffffffff-no-nd-rj","bannerMobileExtraHdImageUrl":"https://yt3.ggpht.com/i9g91_w_dMu20M98FRNYrpZPGDbk7M91lj2DPH0gQyvcyEpYESNdDWIz-yoLqKuGa-upY2Vv2w=w1440-fcrop64=1,32b75a57cd48a5a8-k-c0xffffffff-no-nd-rj","bannerMobileHdImageUrl":"https://yt3.ggpht.com/i9g91_w_dMu20M98FRNYrpZPGDbk7M91lj2DPH0gQyvcyEpYESNdDWIz-yoLqKuGa-upY2Vv2w=w1280-fcrop64=1,32b75a57cd48a5a8-k-c0xffffffff-no-nd-rj","bannerMobileImageUrl":"https://yt3.ggpht.com/i9g91_w_dMu20M98FRNYrpZPGDbk7M91lj2DPH0gQyvcyEpYESNdDWIz-yoLqKuGa-upY2Vv2w=w640-fcrop64=1,32b75a57cd48a5a8-k-c0xffffffff-no-nd-rj","bannerMobileLowImageUrl":"https://yt3.ggpht.com/i9g91_w_dMu20M98FRNYrpZPGDbk7M91lj2DPH0gQyvcyEpYESNdDWIz-yoLqKuGa-upY2Vv2w=w320-fcrop64=1,32b75a57cd48a5a8-k-c0xffffffff-no-nd-rj","bannerMobileMediumHdImageUrl":"https://yt3.ggpht.com/i9g91_w_dMu20M98FRNYrpZPGDbk7M91lj2DPH0gQyvcyEpYESNdDWIz-yoLqKuGa-upY2Vv2w=w960-fcrop64=1,32b75a57cd48a5a8-k-c0xffffffff-no-nd-rj","bannerTabletExtraHdImageUrl":"https://yt3.ggpht.com/i9g91_w_dMu20M98FRNYrpZPGDbk7M91lj2DPH0gQyvcyEpYESNdDWIz-yoLqKuGa-upY2Vv2w=w2560-fcrop64=1,00005a57ffffa5a8-k-c0xffffffff-no-nd-rj","bannerTabletHdImageUrl":"https://yt3.ggpht.com/i9g91_w_dMu20M98FRNYrpZPGDbk7M91lj2DPH0gQyvcyEpYESNdDWIz-yoLqKuGa-upY2Vv2w=w2276-fcrop64=1,00005a57ffffa5a8-k-c0xffffffff-no-nd-rj","bannerTabletImageUrl":"https://yt3.ggpht.com/i9g91_w_dMu20M98FRNYrpZPGDbk7M91lj2DPH0gQyvcyEpYESNdDWIz-yoLqKuGa-upY2Vv2w=w1707-fcrop64=1,00005a57ffffa5a8-k-c0xffffffff-no-nd-rj","bannerTabletLowImageUrl":"https://yt3.ggpht.com/i9g91_w_dMu20M98FRNYrpZPGDbk7M91lj2DPH0gQyvcyEpYESNdDWIz-yoLqKuGa-upY2Vv2w=w1138-fcrop64=1,00005a57ffffa5a8-k-c0xffffffff-no-nd-rj","bannerTvHighImageUrl":"https://yt3.ggpht.com/i9g91_w_dMu20M98FRNYrpZPGDbk7M91lj2DPH0gQyvcyEpYESNdDWIz-yoLqKuGa-upY2Vv2w=w1920-fcrop64=1,00000000ffffffff-k-c0xffffffff-no-nd-rj","bannerTvImageUrl":"https://yt3.ggpht.com/i9g91_w_dMu20M98FRNYrpZPGDbk7M91lj2DPH0gQyvcyEpYESNdDWIz-yoLqKuGa-upY2Vv2w=w2120-fcrop64=1,00000000ffffffff-k-c0xffffffff-no-nd-rj","bannerTvLowImageUrl":"https://yt3.ggpht.com/i9g91_w_dMu20M98FRNYrpZPGDbk7M91lj2DPH0gQyvcyEpYESNdDWIz-yoLqKuGa-upY2Vv2w=w854-fcrop64=1,00000000ffffffff-k-c0xffffffff-no-nd-rj","bannerTvMediumImageUrl":"https://yt3.ggpht.com/i9g91_w_dMu20M98FRNYrpZPGDbk7M91lj2DPH0gQyvcyEpYESNdDWIz-yoLqKuGa-upY2Vv2w=w1280-fcrop64=1,00000000ffffffff-k-c0xffffffff-no-nd-rj"}},"contentDetails":{"relatedPlaylists":{"favorites":"","likes":"","uploads":"UU_aEa8K-EOJ3D6gOs7HcyNg","watchHistory":"HL","watchLater":"WL"}},"etag":"eLgDkwW_WiJ0AzBYqmRnkqMYxDs","id":"UC_aEa8K-EOJ3D6gOs7HcyNg","kind":"youtube#channel","snippet":{"country":"GB","customUrl":"nocopyrightsounds","description":"NoCopyrightSounds is a copyright free / stream safe record label, providing free to use music to the content creator community. We work with artists from around the world in electronic music, representing genres from House to Dubstep via Trap, Drum & Bass, Electro Pop and more. \n\nNCS Music is free to use for independent Creators and their UGC (User Generated Content) on YouTube & Twitch - always remember to credit the Artist, track and NCS and link back to our original NCS upload.\n\nView our usage policy and some frequently asked questions here: http://ncs.io/UsagePolicy\n\nGrab our new apparel range here: http://ncs.io/Store","localized":{"description":"NoCopyrightSounds is a copyright free / stream safe record label, providing free to use music to the content creator community. We work with artists from around the world in electronic music, representing genres from House to Dubstep via Trap, Drum & Bass, Electro Pop and more. \n\nNCS Music is free to use for independent Creators and their UGC (User Generated Content) on YouTube & Twitch - always remember to credit the Artist, track and NCS and link back to our original NCS upload.\n\nView our usage policy and some frequently asked questions here: http://ncs.io/UsagePolicy\n\nGrab our new apparel range here: http://ncs.io/Store","title":"NoCopyrightSounds"},"publishedAt":"2011-08-14T20:13:26.000Z","thumbnails":{"default":{"height":88,"url":"https://yt3.ggpht.com/a/AATXAJwgsy4ga67p3Uw1hZf8egBIac1w8Q5aald9pw=s88-c-k-c0xffffffff-no-rj-mo","width":88},"high":{"height":800,"url":"https://yt3.ggpht.com/a/AATXAJwgsy4ga67p3Uw1hZf8egBIac1w8Q5aald9pw=s800-c-k-c0xffffffff-no-rj-mo","width":800},"medium":{"height":240,"url":"https://yt3.ggpht.com/a/AATXAJwgsy4ga67p3Uw1hZf8egBIac1w8Q5aald9pw=s240-c-k-c0xffffffff-no-rj-mo","width":240}},"title":"NoCopyrightSounds"},"statistics":{"commentCount":"0","hiddenSubscriberCount":false,"subscriberCount":"25900000","videoCount":"759","viewCount":"7776920108"},"topicDetails":{"topicCategories":["https://en.wikipedia.org/wiki/Electronic_music","https://en.wikipedia.org/wiki/Music"],"topicIds":["/m/04rlf","/m/02lkt","/m/04rlf","/m/02lkt"]}}],"kind":"youtube#channelListResponse","pageInfo":{"resultsPerPage":5,"totalResults":1}}
]]></system-out>
  <system-err><![CDATA[]]></system-err>
</testsuite>
