<?xml version="1.0" encoding="UTF-8"?>
<testsuite name="com.ssafy.youtube.YoutubeGradelDemoApplicationTests" tests="1" skipped="0" failures="0" errors="0" timestamp="2020-05-13T21:20:42" hostname="DESKTOP-IV3FANG" time="10.341">
  <properties/>
  <testcase name="channels()" classname="com.ssafy.youtube.YoutubeGradelDemoApplicationTests" time="10.341"/>
  <system-out><![CDATA[06:20:40.119 [Test worker] DEBUG org.springframework.test.context.BootstrapUtils - Instantiating CacheAwareContextLoaderDelegate from class [org.springframework.test.context.cache.DefaultCacheAwareContextLoaderDelegate]
06:20:40.131 [Test worker] DEBUG org.springframework.test.context.BootstrapUtils - Instantiating BootstrapContext using constructor [public org.springframework.test.context.support.DefaultBootstrapContext(java.lang.Class,org.springframework.test.context.CacheAwareContextLoaderDelegate)]
06:20:40.159 [Test worker] DEBUG org.springframework.test.context.BootstrapUtils - Instantiating TestContextBootstrapper for test class [com.ssafy.youtube.YoutubeGradelDemoApplicationTests] from class [org.springframework.boot.test.context.SpringBootTestContextBootstrapper]
06:20:40.182 [Test worker] INFO org.springframework.boot.test.context.SpringBootTestContextBootstrapper - Neither @ContextConfiguration nor @ContextHierarchy found for test class [com.ssafy.youtube.YoutubeGradelDemoApplicationTests], using SpringBootContextLoader
06:20:40.186 [Test worker] DEBUG org.springframework.test.context.support.AbstractContextLoader - Did not detect default resource location for test class [com.ssafy.youtube.YoutubeGradelDemoApplicationTests]: class path resource [com/ssafy/youtube/YoutubeGradelDemoApplicationTests-context.xml] does not exist
06:20:40.187 [Test worker] DEBUG org.springframework.test.context.support.AbstractContextLoader - Did not detect default resource location for test class [com.ssafy.youtube.YoutubeGradelDemoApplicationTests]: class path resource [com/ssafy/youtube/YoutubeGradelDemoApplicationTestsContext.groovy] does not exist
06:20:40.187 [Test worker] INFO org.springframework.test.context.support.AbstractContextLoader - Could not detect default resource locations for test class [com.ssafy.youtube.YoutubeGradelDemoApplicationTests]: no resource found for suffixes {-context.xml, Context.groovy}.
06:20:40.188 [Test worker] INFO org.springframework.test.context.support.AnnotationConfigContextLoaderUtils - Could not detect default configuration classes for test class [com.ssafy.youtube.YoutubeGradelDemoApplicationTests]: YoutubeGradelDemoApplicationTests does not declare any static, non-private, non-final, nested classes annotated with @Configuration.
06:20:40.228 [Test worker] DEBUG org.springframework.test.context.support.ActiveProfilesUtils - Could not find an 'annotation declaring class' for annotation type [org.springframework.test.context.ActiveProfiles] and class [com.ssafy.youtube.YoutubeGradelDemoApplicationTests]
06:20:40.300 [Test worker] DEBUG org.springframework.context.annotation.ClassPathScanningCandidateComponentProvider - Identified candidate component class: file [E:\Jeon\backend-java\api-samples\youtube-gradel-demo\build\classes\java\main\com\ssafy\youtube\YoutubeGradelDemoApplication.class]
06:20:40.301 [Test worker] INFO org.springframework.boot.test.context.SpringBootTestContextBootstrapper - Found @SpringBootConfiguration com.ssafy.youtube.YoutubeGradelDemoApplication for test class com.ssafy.youtube.YoutubeGradelDemoApplicationTests
06:20:40.382 [Test worker] DEBUG org.springframework.boot.test.context.SpringBootTestContextBootstrapper - @TestExecutionListeners is not present for class [com.ssafy.youtube.YoutubeGradelDemoApplicationTests]: using defaults.
06:20:40.382 [Test worker] INFO org.springframework.boot.test.context.SpringBootTestContextBootstrapper - Loaded default TestExecutionListener class names from location [META-INF/spring.factories]: [org.springframework.boot.test.autoconfigure.restdocs.RestDocsTestExecutionListener, org.springframework.boot.test.autoconfigure.web.client.MockRestServiceServerResetTestExecutionListener, org.springframework.boot.test.autoconfigure.web.servlet.MockMvcPrintOnlyOnFailureTestExecutionListener, org.springframework.boot.test.autoconfigure.web.servlet.WebDriverTestExecutionListener, org.springframework.boot.test.mock.mockito.MockitoTestExecutionListener, org.springframework.boot.test.mock.mockito.ResetMocksTestExecutionListener, org.springframework.test.context.web.ServletTestExecutionListener, org.springframework.test.context.support.DirtiesContextBeforeModesTestExecutionListener, org.springframework.test.context.support.DependencyInjectionTestExecutionListener, org.springframework.test.context.support.DirtiesContextTestExecutionListener, org.springframework.test.context.transaction.TransactionalTestExecutionListener, org.springframework.test.context.jdbc.SqlScriptsTestExecutionListener, org.springframework.test.context.event.EventPublishingTestExecutionListener]
06:20:40.392 [Test worker] DEBUG org.springframework.boot.test.context.SpringBootTestContextBootstrapper - Skipping candidate TestExecutionListener [org.springframework.test.context.transaction.TransactionalTestExecutionListener] due to a missing dependency. Specify custom listener classes or make the default listener classes and their required dependencies available. Offending class: [org/springframework/transaction/interceptor/TransactionAttributeSource]
06:20:40.393 [Test worker] DEBUG org.springframework.boot.test.context.SpringBootTestContextBootstrapper - Skipping candidate TestExecutionListener [org.springframework.test.context.jdbc.SqlScriptsTestExecutionListener] due to a missing dependency. Specify custom listener classes or make the default listener classes and their required dependencies available. Offending class: [org/springframework/transaction/interceptor/TransactionAttribute]
06:20:40.393 [Test worker] INFO org.springframework.boot.test.context.SpringBootTestContextBootstrapper - Using TestExecutionListeners: [org.springframework.test.context.web.ServletTestExecutionListener@63b50237, org.springframework.test.context.support.DirtiesContextBeforeModesTestExecutionListener@22debe77, org.springframework.boot.test.mock.mockito.MockitoTestExecutionListener@7d7cf42, org.springframework.boot.test.autoconfigure.SpringBootDependencyInjectionTestExecutionListener@6974685d, org.springframework.test.context.support.DirtiesContextTestExecutionListener@221b6bfe, org.springframework.test.context.event.EventPublishingTestExecutionListener@756144cc, org.springframework.boot.test.autoconfigure.restdocs.RestDocsTestExecutionListener@4c7538fd, org.springframework.boot.test.autoconfigure.web.client.MockRestServiceServerResetTestExecutionListener@60997ae, org.springframework.boot.test.autoconfigure.web.servlet.MockMvcPrintOnlyOnFailureTestExecutionListener@7fb4580a, org.springframework.boot.test.autoconfigure.web.servlet.WebDriverTestExecutionListener@8c3414, org.springframework.boot.test.mock.mockito.ResetMocksTestExecutionListener@655b5628]
06:20:40.398 [Test worker] DEBUG org.springframework.test.context.support.AbstractDirtiesContextTestExecutionListener - Before test class: context [DefaultTestContext@2be2f4be testClass = YoutubeGradelDemoApplicationTests, testInstance = [null], testMethod = [null], testException = [null], mergedContextConfiguration = [WebMergedContextConfiguration@51e3ac5d testClass = YoutubeGradelDemoApplicationTests, locations = '{}', classes = '{class com.ssafy.youtube.YoutubeGradelDemoApplication}', contextInitializerClasses = '[]', activeProfiles = '{}', propertySourceLocations = '{}', propertySourceProperties = '{org.springframework.boot.test.context.SpringBootTestContextBootstrapper=true}', contextCustomizers = set[org.springframework.boot.test.autoconfigure.properties.PropertyMappingContextCustomizer@0, org.springframework.boot.test.autoconfigure.web.servlet.WebDriverContextCustomizerFactory$Customizer@368709f9, org.springframework.boot.test.context.filter.ExcludeFilterContextCustomizer@3506c3c6, org.springframework.boot.test.json.DuplicateJsonObjectContextCustomizerFactory$DuplicateJsonObjectContextCustomizer@70ef0d4c, org.springframework.boot.test.mock.mockito.MockitoContextCustomizer@0, org.springframework.boot.test.web.client.TestRestTemplateContextCustomizer@7d3d071b, org.springframework.boot.test.context.SpringBootTestArgs@1], resourceBasePath = 'src/main/webapp', contextLoader = 'org.springframework.boot.test.context.SpringBootContextLoader', parent = [null]], attributes = map['org.springframework.test.context.web.ServletTestExecutionListener.activateListener' -> true]], class annotated with @DirtiesContext [false] with mode [null].
06:20:40.421 [Test worker] DEBUG org.springframework.test.context.support.TestPropertySourceUtils - Adding inlined properties to environment: {spring.jmx.enabled=false, org.springframework.boot.test.context.SpringBootTestContextBootstrapper=true, server.port=-1}

  .   ____          _            __ _ _
 /\\ / ___'_ __ _ _(_)_ __  __ _ \ \ \ \
( ( )\___ | '_ | '_| | '_ \/ _` | \ \ \ \
 \\/  ___)| |_)| | | | | || (_| |  ) ) ) )
  '  |____| .__|_| |_|_| |_\__, | / / / /
 =========|_|==============|___/=/_/_/_/
 :: Spring Boot ::        (v2.2.7.RELEASE)

2020-05-14 06:20:40.719  INFO 18980 --- [    Test worker] c.s.y.YoutubeGradelDemoApplicationTests  : Starting YoutubeGradelDemoApplicationTests on DESKTOP-IV3FANG with PID 18980 (started by takor in E:\Jeon\backend-java\api-samples\youtube-gradel-demo)
2020-05-14 06:20:40.720  INFO 18980 --- [    Test worker] c.s.y.YoutubeGradelDemoApplicationTests  : No active profile set, falling back to default profiles: default
2020-05-14 06:20:41.906  INFO 18980 --- [    Test worker] o.s.s.concurrent.ThreadPoolTaskExecutor  : Initializing ExecutorService 'applicationTaskExecutor'
2020-05-14 06:20:42.195  INFO 18980 --- [    Test worker] c.s.y.YoutubeGradelDemoApplicationTests  : Started YoutubeGradelDemoApplicationTests in 1.764 seconds (JVM running for 3.583)
2020-05-14 06:20:42.826  WARN 18980 --- [    Test worker] c.g.a.c.util.store.FileDataStoreFactory  : unable to change permissions for everybody: C:\Users\takor\.oauth-credentials
2020-05-14 06:20:42.827  WARN 18980 --- [    Test worker] c.g.a.c.util.store.FileDataStoreFactory  : unable to change permissions for owner: C:\Users\takor\.oauth-credentials
com.google.api.client.googleapis.auth.oauth2.GoogleAuthorizationCodeFlow@1d6254ad
2020-05-14 06:20:42.916  INFO 18980 --- [    Test worker] org.mortbay.log                          : Logging to Logger[org.mortbay.log] via org.mortbay.log.Slf4jLog
2020-05-14 06:20:42.919  INFO 18980 --- [    Test worker] org.mortbay.log                          : jetty-6.1.26
2020-05-14 06:20:42.935  INFO 18980 --- [    Test worker] org.mortbay.log                          : Started SocketConnector@localhost:8080
Please open the following address in your browser:
  https://accounts.google.com/o/oauth2/auth?access_type=offline&client_id=412300629283-sd7m25vk2m7uijmt9lfpjkscvq3sr6vv.apps.googleusercontent.com&redirect_uri=http://localhost:8080/Callback&response_type=code&scope=https://www.googleapis.com/auth/youtube.force-ssl
2020-05-14 06:20:52.078  INFO 18980 --- [    Test worker] org.mortbay.log                          : Stopped SocketConnector@localhost:8080
com.google.api.client.auth.oauth2.Credential@3b1c5ea7
{"etag":"FN5pLjRvpiaDob06aU_25eHQSNo","items":[{"brandingSettings":{"channel":{"country":"GB","defaultTab":"Featured","description":"NoCopyrightSounds is a copyright free / stream safe record label, providing free to use music to the content creator community. We work with artists from around the world in electronic music, representing genres from House to Dubstep via Trap, Drum & Bass, Electro Pop and more. \n\nNCS Music is free to use for independent Creators and their UGC (User Generated Content) on YouTube & Twitch - always remember to credit the Artist, track and NCS and link back to our original NCS upload.\n\nView our usage policy and some frequently asked questions here: http://ncs.io/UsagePolicy\n\nGrab our new apparel range here: http://ncs.io/Store","featuredChannelsTitle":"Our other channel:","featuredChannelsUrls":["UCiJnBO_XuDsi1SSRAmt4n5g"],"keywords":"NoCopyrightSounds ncs no copyright sounds copyrighted music free royalty royaltyfree uncopyrighted copyrightfree","moderateComments":true,"profileColor":"#000000","showBrowseView":true,"showRelatedChannels":true,"title":"NoCopyrightSounds","trackingAnalyticsAccountId":"UA-56908870-2","unsubscribedTrailer":"JiF3pbvR5G0"},"hints":[{"property":"channel.featured_tab.template.string","value":"Everything"},{"property":"channel.modules.show_comments.bool","value":"True"},{"property":"channel.banner.mobile.medium.image.url","value":"https://yt3.ggpht.com/i9g91_w_dMu20M98FRNYrpZPGDbk7M91lj2DPH0gQyvcyEpYESNdDWIz-yoLqKuGa-upY2Vv2w=w640-fcrop64=1,32b75a57cd48a5a8-k-c0xffffffff-no-nd-rj"}],"image":{"bannerImageUrl":"https://yt3.ggpht.com/i9g91_w_dMu20M98FRNYrpZPGDbk7M91lj2DPH0gQyvcyEpYESNdDWIz-yoLqKuGa-upY2Vv2w=w1060-fcrop64=1,00005a57ffffa5a8-k-c0xffffffff-no-nd-rj","bannerMobileExtraHdImageUrl":"https://yt3.ggpht.com/i9g91_w_dMu20M98FRNYrpZPGDbk7M91lj2DPH0gQyvcyEpYESNdDWIz-yoLqKuGa-upY2Vv2w=w1440-fcrop64=1,32b75a57cd48a5a8-k-c0xffffffff-no-nd-rj","bannerMobileHdImageUrl":"https://yt3.ggpht.com/i9g91_w_dMu20M98FRNYrpZPGDbk7M91lj2DPH0gQyvcyEpYESNdDWIz-yoLqKuGa-upY2Vv2w=w1280-fcrop64=1,32b75a57cd48a5a8-k-c0xffffffff-no-nd-rj","bannerMobileImageUrl":"https://yt3.ggpht.com/i9g91_w_dMu20M98FRNYrpZPGDbk7M91lj2DPH0gQyvcyEpYESNdDWIz-yoLqKuGa-upY2Vv2w=w640-fcrop64=1,32b75a57cd48a5a8-k-c0xffffffff-no-nd-rj","bannerMobileLowImageUrl":"https://yt3.ggpht.com/i9g91_w_dMu20M98FRNYrpZPGDbk7M91lj2DPH0gQyvcyEpYESNdDWIz-yoLqKuGa-upY2Vv2w=w320-fcrop64=1,32b75a57cd48a5a8-k-c0xffffffff-no-nd-rj","bannerMobileMediumHdImageUrl":"https://yt3.ggpht.com/i9g91_w_dMu20M98FRNYrpZPGDbk7M91lj2DPH0gQyvcyEpYESNdDWIz-yoLqKuGa-upY2Vv2w=w960-fcrop64=1,32b75a57cd48a5a8-k-c0xffffffff-no-nd-rj","bannerTabletExtraHdImageUrl":"https://yt3.ggpht.com/i9g91_w_dMu20M98FRNYrpZPGDbk7M91lj2DPH0gQyvcyEpYESNdDWIz-yoLqKuGa-upY2Vv2w=w2560-fcrop64=1,00005a57ffffa5a8-k-c0xffffffff-no-nd-rj","bannerTabletHdImageUrl":"https://yt3.ggpht.com/i9g91_w_dMu20M98FRNYrpZPGDbk7M91lj2DPH0gQyvcyEpYESNdDWIz-yoLqKuGa-upY2Vv2w=w2276-fcrop64=1,00005a57ffffa5a8-k-c0xffffffff-no-nd-rj","bannerTabletImageUrl":"https://yt3.ggpht.com/i9g91_w_dMu20M98FRNYrpZPGDbk7M91lj2DPH0gQyvcyEpYESNdDWIz-yoLqKuGa-upY2Vv2w=w1707-fcrop64=1,00005a57ffffa5a8-k-c0xffffffff-no-nd-rj","bannerTabletLowImageUrl":"https://yt3.ggpht.com/i9g91_w_dMu20M98FRNYrpZPGDbk7M91lj2DPH0gQyvcyEpYESNdDWIz-yoLqKuGa-upY2Vv2w=w1138-fcrop64=1,00005a57ffffa5a8-k-c0xffffffff-no-nd-rj","bannerTvHighImageUrl":"https://yt3.ggpht.com/i9g91_w_dMu20M98FRNYrpZPGDbk7M91lj2DPH0gQyvcyEpYESNdDWIz-yoLqKuGa-upY2Vv2w=w1920-fcrop64=1,00000000ffffffff-k-c0xffffffff-no-nd-rj","bannerTvImageUrl":"https://yt3.ggpht.com/i9g91_w_dMu20M98FRNYrpZPGDbk7M91lj2DPH0gQyvcyEpYESNdDWIz-yoLqKuGa-upY2Vv2w=w2120-fcrop64=1,00000000ffffffff-k-c0xffffffff-no-nd-rj","bannerTvLowImageUrl":"https://yt3.ggpht.com/i9g91_w_dMu20M98FRNYrpZPGDbk7M91lj2DPH0gQyvcyEpYESNdDWIz-yoLqKuGa-upY2Vv2w=w854-fcrop64=1,00000000ffffffff-k-c0xffffffff-no-nd-rj","bannerTvMediumImageUrl":"https://yt3.ggpht.com/i9g91_w_dMu20M98FRNYrpZPGDbk7M91lj2DPH0gQyvcyEpYESNdDWIz-yoLqKuGa-upY2Vv2w=w1280-fcrop64=1,00000000ffffffff-k-c0xffffffff-no-nd-rj"}},"contentDetails":{"relatedPlaylists":{"favorites":"","likes":"","uploads":"UU_aEa8K-EOJ3D6gOs7HcyNg","watchHistory":"HL","watchLater":"WL"}},"etag":"YK35eXJiT435dSJx_A-hbA1yWyk","id":"UC_aEa8K-EOJ3D6gOs7HcyNg","kind":"youtube#channel","snippet":{"country":"GB","customUrl":"nocopyrightsounds","description":"NoCopyrightSounds is a copyright free / stream safe record label, providing free to use music to the content creator community. We work with artists from around the world in electronic music, representing genres from House to Dubstep via Trap, Drum & Bass, Electro Pop and more. \n\nNCS Music is free to use for independent Creators and their UGC (User Generated Content) on YouTube & Twitch - always remember to credit the Artist, track and NCS and link back to our original NCS upload.\n\nView our usage policy and some frequently asked questions here: http://ncs.io/UsagePolicy\n\nGrab our new apparel range here: http://ncs.io/Store","localized":{"description":"NoCopyrightSounds is a copyright free / stream safe record label, providing free to use music to the content creator community. We work with artists from around the world in electronic music, representing genres from House to Dubstep via Trap, Drum & Bass, Electro Pop and more. \n\nNCS Music is free to use for independent Creators and their UGC (User Generated Content) on YouTube & Twitch - always remember to credit the Artist, track and NCS and link back to our original NCS upload.\n\nView our usage policy and some frequently asked questions here: http://ncs.io/UsagePolicy\n\nGrab our new apparel range here: http://ncs.io/Store","title":"NoCopyrightSounds"},"publishedAt":"2011-08-14T20:13:26.000Z","thumbnails":{"default":{"height":88,"url":"https://yt3.ggpht.com/a/AATXAJwgsy4ga67p3Uw1hZf8egBIac1w8Q5aald9pw=s88-c-k-c0xffffffff-no-rj-mo","width":88},"high":{"height":800,"url":"https://yt3.ggpht.com/a/AATXAJwgsy4ga67p3Uw1hZf8egBIac1w8Q5aald9pw=s800-c-k-c0xffffffff-no-rj-mo","width":800},"medium":{"height":240,"url":"https://yt3.ggpht.com/a/AATXAJwgsy4ga67p3Uw1hZf8egBIac1w8Q5aald9pw=s240-c-k-c0xffffffff-no-rj-mo","width":240}},"title":"NoCopyrightSounds"},"statistics":{"commentCount":"0","hiddenSubscriberCount":false,"subscriberCount":"25900000","videoCount":"759","viewCount":"7780724523"},"topicDetails":{"topicCategories":["https://en.wikipedia.org/wiki/Music","https://en.wikipedia.org/wiki/Electronic_music"],"topicIds":["/m/04rlf","/m/02lkt","/m/04rlf","/m/02lkt"]}}],"kind":"youtube#channelListResponse","pageInfo":{"resultsPerPage":5,"totalResults":1}}
]]></system-out>
  <system-err><![CDATA[]]></system-err>
</testsuite>
